<?xml version="1.0" encoding="UTF-8"?>
<!-- Generated by org.testng.reporters.JUnitXMLReporter -->
<testsuite hostname="chaithanya-thinkpad-x1-carbon-3rd" ignored="0" name="Default test" tests="8" failures="0" timestamp="31 Aug 2019 06:44:30 GMT" time="33.716" errors="0">
  <testcase name="set_location" time="4.025" classname="stage.NewTest"/>
  <testcase name="select_category" time="1.144" classname="stage.NewTest"/>
  <testcase name="select_requirement" time="5.557" classname="stage.NewTest"/>
  <testcase name="contact_details" time="4.093" classname="stage.NewTest"/>
  <testcase name="orderReview" time="4.071" classname="stage.NewTest"/>
  <testcase name="weddingPhotography" time="5.214" classname="stage.NewTest"/>
  <testcase name="requireScreen" time="3.686" classname="stage.NewTest"/>
  <testcase name="vendorlistScreen" time="2.249" classname="stage.NewTest"/>
</testsuite> <!-- Default test -->
