<?xml version="1.0" encoding="UTF-8"?>
<!-- Generated by org.testng.reporters.JUnitXMLReporter -->
<testsuite hostname="chaithanya-ThinkPad-X220" ignored="0" name="Default test" tests="5" failures="0" timestamp="18 Jun 2019 08:38:20 GMT" time="22.047" errors="0">
  <testcase name="set_location" time="4.703" classname="stage.NewTest"/>
  <testcase name="select_category" time="1.127" classname="stage.NewTest"/>
  <testcase name="select_requirement" time="5.151" classname="stage.NewTest"/>
  <testcase name="contact_details" time="4.373" classname="stage.NewTest"/>
  <testcase name="orderReview" time="0.133" classname="stage.NewTest"/>
</testsuite> <!-- Default test -->
