<?xml version="1.0" encoding="UTF-8"?>
<!-- Generated by org.testng.reporters.JUnitXMLReporter -->
<testsuite hostname="chaithanya-ThinkPad-X220" ignored="0" name="Test" tests="5" failures="0" timestamp="18 Jun 2019 08:39:43 GMT" time="22.483" errors="0">
  <testcase name="set_location" time="4.785" classname="stage.NewTest"/>
  <testcase name="select_category" time="1.124" classname="stage.NewTest"/>
  <testcase name="select_requirement" time="5.962" classname="stage.NewTest"/>
  <testcase name="contact_details" time="4.384" classname="stage.NewTest"/>
  <testcase name="orderReview" time="0.117" classname="stage.NewTest"/>
</testsuite> <!-- Test -->
