<?xml version="1.0" encoding="UTF-8"?>
<!-- Generated by org.testng.reporters.JUnitXMLReporter -->
<testsuite hostname="chaithanya-ThinkPad-X220" ignored="0" name="Test" tests="5" failures="0" timestamp="18 Jun 2019 09:06:27 GMT" time="19.189" errors="0">
  <testcase name="set_location" time="4.693" classname="stage.NewTest"/>
  <testcase name="select_category" time="1.124" classname="stage.NewTest"/>
  <testcase name="select_requirement" time="4.929" classname="stage.NewTest"/>
  <testcase name="contact_details" time="4.352" classname="stage.NewTest"/>
  <testcase name="orderReview" time="0.083" classname="stage.NewTest"/>
</testsuite> <!-- Test -->
