<?xml version="1.0" encoding="UTF-8"?>
<!-- Generated by org.testng.reporters.JUnitXMLReporter -->
<testsuite hostname="chaithanya-ThinkPad-X220" ignored="0" name="Test" tests="10" failures="0" timestamp="29 Jun 2019 11:55:17 GMT" time="107.158" errors="0">
  <testcase name="set_location" time="4.473" classname="stage.NewTest"/>
  <testcase name="setLocation" time="4.952" classname="stage.packageModel"/>
  <testcase name="setLocation" time="5.009" classname="stage.contactModel"/>
  <testcase name="setLocation" time="5.538" classname="stage.productModel"/>
  <testcase name="setLocation" time="5.111" classname="stage.cartModel"/>
  <testcase name="setLocation" time="6.385" classname="stage.msiteQuickModel"/>
  <testcase name="setLocation" time="6.882" classname="stage.msitePackageModel"/>
  <testcase name="setLocation" time="6.461" classname="stage.msiteContactModel"/>
  <testcase name="setLocation" time="6.343" classname="stage.msiteProductModel"/>
  <testcase name="setLocation" time="7.275" classname="stage.msiteCartModel"/>
</testsuite> <!-- Test -->
