<?xml version="1.0" encoding="UTF-8"?>
<testsuite xmlns:xsi="http://www.w3.org/2001/XMLSchema-instance" xsi:noNamespaceSchemaLocation="https://maven.apache.org/surefire/maven-surefire-plugin/xsd/surefire-test-report-3.0.xsd" version="3.0" name="TestSuite" time="91.893" tests="9" errors="0" skipped="0" failures="0">
  <properties>
[...]
</properties>
  <testcase name="set_location" classname="stage.NewTest" time="4.269"/>
  <testcase name="setLocation" classname="stage.packageModel" time="5.225"/>
  <testcase name="setLocation" classname="stage.contactModel" time="5.146"/>
  <testcase name="setLocation" classname="stage.productModel" time="5.083"/>
  <testcase name="setLocation" classname="stage.cartModel" time="5.145"/>
  <testcase name="setLocation" classname="stage.msiteQuickModel" time="6.312"/>
  <testcase name="setLocation" classname="stage.msitePackageModel" time="6.431"/>
  <testcase name="setLocation" classname="stage.msiteContactModel" time="5.83"/>
  <testcase name="setLocation" classname="stage.msiteProductModel" time="6.512"/>
</testsuite>