<?xml version="1.0" encoding="UTF-8"?>
<testng-results skipped="0" failed="0" ignored="0" total="5" passed="5">
  <reporter-output>
  </reporter-output>
  <suite name="Suite" duration-ms="19189" started-at="2019-06-18T09:06:08Z" finished-at="2019-06-18T09:06:27Z">
    <groups>
    </groups>
    <test name="Test" duration-ms="19189" started-at="2019-06-18T09:06:08Z" finished-at="2019-06-18T09:06:27Z">
      <class name="stage.NewTest">
        <test-method status="PASS" signature="webpage()[pri:0, instance:stage.NewTest@17550481]" name="webpage" is-config="true" duration-ms="3982" started-at="2019-06-18T09:06:08Z" finished-at="2019-06-18T09:06:12Z">
          <reporter-output>
          </reporter-output>
        </test-method> <!-- webpage -->
        <test-method status="PASS" signature="set_location()[pri:1, instance:stage.NewTest@17550481]" name="set_location" duration-ms="4693" started-at="2019-06-18T09:06:12Z" finished-at="2019-06-18T09:06:17Z">
          <reporter-output>
          </reporter-output>
        </test-method> <!-- set_location -->
        <test-method status="PASS" signature="select_category()[pri:2, instance:stage.NewTest@17550481]" name="select_category" duration-ms="1124" started-at="2019-06-18T09:06:17Z" finished-at="2019-06-18T09:06:18Z">
          <reporter-output>
          </reporter-output>
        </test-method> <!-- select_category -->
        <test-method status="PASS" signature="select_requirement()[pri:3, instance:stage.NewTest@17550481]" name="select_requirement" duration-ms="4929" started-at="2019-06-18T09:06:18Z" finished-at="2019-06-18T09:06:23Z">
          <reporter-output>
          </reporter-output>
        </test-method> <!-- select_requirement -->
        <test-method status="PASS" signature="contact_details()[pri:4, instance:stage.NewTest@17550481]" name="contact_details" duration-ms="4352" started-at="2019-06-18T09:06:23Z" finished-at="2019-06-18T09:06:27Z">
          <reporter-output>
          </reporter-output>
        </test-method> <!-- contact_details -->
        <test-method status="PASS" signature="orderReview()[pri:5, instance:stage.NewTest@17550481]" name="orderReview" duration-ms="83" started-at="2019-06-18T09:06:27Z" finished-at="2019-06-18T09:06:27Z">
          <reporter-output>
          </reporter-output>
        </test-method> <!-- orderReview -->
      </class> <!-- stage.NewTest -->
    </test> <!-- Test -->
  </suite> <!-- Suite -->
</testng-results>
