<?xml version="1.0" encoding="UTF-8"?>
<testng-results skipped="0" failed="0" ignored="0" total="2" passed="2">
  <reporter-output>
  </reporter-output>
  <suite name="Default suite" duration-ms="21216" started-at="2019-10-04T05:28:34Z" finished-at="2019-10-04T05:28:56Z">
    <groups>
    </groups>
    <test name="Default test" duration-ms="21216" started-at="2019-10-04T05:28:34Z" finished-at="2019-10-04T05:28:56Z">
      <class name="stage.mobilerecharge">
        <test-method status="PASS" signature="webBrowser()[pri:0, instance:stage.mobilerecharge@1a968a59]" name="webBrowser" is-config="true" duration-ms="9418" started-at="2019-10-04T05:28:34Z" finished-at="2019-10-04T05:28:44Z">
          <reporter-output>
          </reporter-output>
        </test-method> <!-- webBrowser -->
        <test-method status="PASS" signature="rechargelink()[pri:1, instance:stage.mobilerecharge@1a968a59]" name="rechargelink" duration-ms="9896" started-at="2019-10-04T05:28:44Z" finished-at="2019-10-04T05:28:54Z">
          <reporter-output>
          </reporter-output>
        </test-method> <!-- rechargelink -->
        <test-method status="PASS" signature="login()[pri:2, instance:stage.mobilerecharge@1a968a59]" name="login" duration-ms="1850" started-at="2019-10-04T05:28:54Z" finished-at="2019-10-04T05:28:56Z">
          <reporter-output>
          </reporter-output>
        </test-method> <!-- login -->
      </class> <!-- stage.mobilerecharge -->
    </test> <!-- Default test -->
  </suite> <!-- Default suite -->
</testng-results>
