<?xml version="1.0" encoding="UTF-8"?>
<testng-results skipped="0" failed="0" ignored="0" total="5" passed="5">
  <reporter-output>
  </reporter-output>
  <suite name="Default suite" duration-ms="24483" started-at="2019-06-26T12:32:00Z" finished-at="2019-06-26T12:32:25Z">
    <groups>
    </groups>
    <test name="Default test" duration-ms="24483" started-at="2019-06-26T12:32:00Z" finished-at="2019-06-26T12:32:25Z">
      <class name="stage.msiteQuickModel">
        <test-method status="PASS" signature="webPage()[pri:0, instance:stage.msiteQuickModel@e25b2fe]" name="webPage" is-config="true" duration-ms="5451" started-at="2019-06-26T12:32:00Z" finished-at="2019-06-26T12:32:05Z">
          <reporter-output>
          </reporter-output>
        </test-method> <!-- webPage -->
        <test-method status="PASS" signature="setLocation()[pri:1, instance:stage.msiteQuickModel@e25b2fe]" name="setLocation" duration-ms="5777" started-at="2019-06-26T12:32:05Z" finished-at="2019-06-26T12:32:11Z">
          <reporter-output>
          </reporter-output>
        </test-method> <!-- setLocation -->
        <test-method status="PASS" signature="electriciansCategory()[pri:2, instance:stage.msiteQuickModel@e25b2fe]" name="electriciansCategory" duration-ms="3502" started-at="2019-06-26T12:32:11Z" finished-at="2019-06-26T12:32:15Z">
          <reporter-output>
          </reporter-output>
        </test-method> <!-- electriciansCategory -->
        <test-method status="PASS" signature="formFillInterScreen()[pri:3, instance:stage.msiteQuickModel@e25b2fe]" name="formFillInterScreen" duration-ms="4535" started-at="2019-06-26T12:32:15Z" finished-at="2019-06-26T12:32:19Z">
          <reporter-output>
          </reporter-output>
        </test-method> <!-- formFillInterScreen -->
        <test-method status="PASS" signature="contactDetails()[pri:4, instance:stage.msiteQuickModel@e25b2fe]" name="contactDetails" duration-ms="2614" started-at="2019-06-26T12:32:19Z" finished-at="2019-06-26T12:32:22Z">
          <reporter-output>
          </reporter-output>
        </test-method> <!-- contactDetails -->
        <test-method status="PASS" signature="orderReviewScreen()[pri:5, instance:stage.msiteQuickModel@e25b2fe]" name="orderReviewScreen" duration-ms="2559" started-at="2019-06-26T12:32:22Z" finished-at="2019-06-26T12:32:24Z">
          <reporter-output>
          </reporter-output>
        </test-method> <!-- orderReviewScreen -->
      </class> <!-- stage.msiteQuickModel -->
    </test> <!-- Default test -->
  </suite> <!-- Default suite -->
</testng-results>
